<?xml version="1.0" encoding="UTF-8"?>
<testng-results ignored="0" total="1" passed="1" failed="0" skipped="0">
  <reporter-output>
    <line>
      <![CDATA[hi]]>
    </line>
  </reporter-output>
  <suite started-at="2024-01-24T16:11:35 IST" name="Default suite" finished-at="2024-01-24T16:11:35 IST" duration-ms="133">
    <groups>
    </groups>
    <test started-at="2024-01-24T16:11:35 IST" name="Default test" finished-at="2024-01-24T16:11:35 IST" duration-ms="133">
      <class name="practise.TestNgPractise">
        <test-method signature="testngPractise()[pri:0, instance:practise.TestNgPractise@60099951]" started-at="2024-01-24T16:11:35 IST" name="testngPractise" finished-at="2024-01-24T16:11:35 IST" duration-ms="21" status="PASS">
          <reporter-output>
            <line>
              <![CDATA[hi]]>
            </line>
          </reporter-output>
        </test-method> <!-- testngPractise -->
      </class> <!-- practise.TestNgPractise -->
    </test> <!-- Default test -->
  </suite> <!-- Default suite -->
</testng-results>
