<?xml version="1.0" encoding="UTF-8"?>
<testng-results ignored="0" total="1" passed="1" failed="0" skipped="0">
  <reporter-output>
    <line>
      <![CDATA[hi]]>
    </line>
  </reporter-output>
  <suite started-at="2022-07-12T15:14:51 IST" name="Default suite" finished-at="2022-07-12T15:14:51 IST" duration-ms="108">
    <groups>
    </groups>
    <test started-at="2022-07-12T15:14:51 IST" name="Default test" finished-at="2022-07-12T15:14:51 IST" duration-ms="108">
      <class name="practise.TestNgPractise">
        <test-method signature="testngPractise()[pri:0, instance:practise.TestNgPractise@60099951]" started-at="2022-07-12T15:14:51 IST" name="testngPractise" finished-at="2022-07-12T15:14:51 IST" duration-ms="19" status="PASS">
          <reporter-output>
            <line>
              <![CDATA[hi]]>
            </line>
          </reporter-output>
        </test-method> <!-- testngPractise -->
      </class> <!-- practise.TestNgPractise -->
    </test> <!-- Default test -->
  </suite> <!-- Default suite -->
</testng-results>
